[1703335790.483][INFO]: Starting ChromeDriver 120.0.6099.109 (3419140ab665596f21b385ce136419fde0924272-refs/branch-heads/6099@{#1483}) on port 28408
[1703335790.484][INFO]: Please see https://chromedriver.chromium.org/security-considerations for suggestions on keeping ChromeDriver safe.
[1703335791.024][INFO]: [d9032ea1f50f831a623cd2408f19acdb] COMMAND InitSession {
   "capabilities": {
      "firstMatch": [ {
         "browserName": "chrome",
         "goog:chromeOptions": {
            "args": [  ],
            "extensions": [  ]
         },
         "goog:loggingPrefs": {
            "browser": "ALL",
            "driver": "ALL"
         }
      } ]
   }
}
[1703335791.024][INFO]: Browser search. Trying... C:\Users\HP\.cache\selenium\chromedriver\win64\120.0.6099.109\chrome.exe
[1703335791.024][INFO]: Browser search. Trying... C:\Users\HP\.cache\selenium\chromedriver\win64\120.0.6099.109\chrome.exe
[1703335791.024][INFO]: Browser search. Trying... C:\Users\HP\.cache\selenium\chromedriver\win64\120.0.6099.109\chromium.exe
[1703335791.030][INFO]: Browser search. Trying... C:\Users\HP\AppData\Local\Google\Chrome\Application\chrome.exe
[1703335791.030][INFO]: Browser search. Trying... C:\Program Files\Google\Chrome\Application\chrome.exe
[1703335791.030][INFO]: Browser search. Found at  C:\Program Files\Google\Chrome\Application\chrome.exe
[1703335791.031][INFO]: Populating Preferences file: {
   "alternate_error_pages": {
      "enabled": false
   },
   "autofill": {
      "enabled": false
   },
   "browser": {
      "check_default_browser": false
   },
   "distribution": {
      "import_bookmarks": false,
      "import_history": false,
      "import_search_engine": false,
      "make_chrome_default_for_user": false,
      "skip_first_run_ui": true
   },
   "dns_prefetching": {
      "enabled": false
   },
   "profile": {
      "content_settings": {
         "pattern_pairs": {
            "https://*,*": {
               "media-stream": {
                  "audio": "Default",
                  "video": "Default"
               }
            }
         }
      },
      "default_content_setting_values": {
         "geolocation": 1
      },
      "default_content_settings": {
         "geolocation": 1,
         "mouselock": 1,
         "notifications": 1,
         "popups": 1,
         "ppapi-broker": 1
      },
      "password_manager_enabled": false
   },
   "safebrowsing": {
      "enabled": false
   },
   "search": {
      "suggest_enabled": false
   },
   "translate": {
      "enabled": false
   }
}
[1703335791.032][INFO]: Populating Local State file: {
   "background_mode": {
      "enabled": false
   },
   "ssl": {
      "rev_checking": {
         "enabled": false
      }
   }
}
[1703335791.035][INFO]: ChromeDriver supports communication with Chrome via pipes. This is more reliable and more secure.
[1703335791.035][INFO]: Use the --remote-debugging-pipe Chrome switch instead of the default --remote-debugging-port to enable this communication mode.
[1703335791.037][INFO]: Launching chrome: "C:\Program Files\Google\Chrome\Application\chrome.exe" --allow-pre-commit-input --disable-background-networking --disable-backgrounding-occluded-windows --disable-client-side-phishing-detection --disable-default-apps --disable-hang-monitor --disable-popup-blocking --disable-prompt-on-repost --disable-sync --enable-automation --enable-logging --log-level=0 --no-first-run --no-service-autorun --password-store=basic --remote-debugging-port=0 --test-type=webdriver --use-mock-keychain --user-data-dir="C:\Users\HP\AppData\Local\Temp\scoped_dir7388_75043840" data:,
[1703335792.478][INFO]: resolved localhost to ["::1","127.0.0.1"]
[1703335792.513][INFO]: [d9032ea1f50f831a623cd2408f19acdb] RESPONSE InitSession {
   "capabilities": {
      "acceptInsecureCerts": false,
      "browserName": "chrome",
      "browserVersion": "120.0.6099.111",
      "chrome": {
         "chromedriverVersion": "120.0.6099.109 (3419140ab665596f21b385ce136419fde0924272-refs/branch-heads/6099@{#1483})",
         "userDataDir": "C:\\Users\\HP\\AppData\\Local\\Temp\\scoped_dir7388_75043840"
      },
      "fedcm:accounts": true,
      "goog:chromeOptions": {
         "debuggerAddress": "localhost:57905"
      },
      "networkConnectionEnabled": false,
      "pageLoadStrategy": "normal",
      "platformName": "windows",
      "proxy": {
      },
      "setWindowRect": true,
      "strictFileInteractability": false,
      "timeouts": {
         "implicit": 0,
         "pageLoad": 300000,
         "script": 30000
      },
      "unhandledPromptBehavior": "dismiss and notify",
      "webauthn:extension:credBlob": true,
      "webauthn:extension:largeBlob": true,
      "webauthn:extension:minPinLength": true,
      "webauthn:extension:prf": true,
      "webauthn:virtualAuthenticators": true
   },
   "sessionId": "d9032ea1f50f831a623cd2408f19acdb"
}
[1703335792.960][INFO]: [d9032ea1f50f831a623cd2408f19acdb] COMMAND MaximizeWindow {
}
[1703335792.960][INFO]: Waiting for pending navigations...
[1703335792.963][INFO]: Done waiting for pending navigations. Status: ok
[1703335793.079][INFO]: Waiting for pending navigations...
[1703335793.081][INFO]: Done waiting for pending navigations. Status: ok
[1703335793.081][INFO]: [d9032ea1f50f831a623cd2408f19acdb] RESPONSE MaximizeWindow {
   "height": 840,
   "width": 1552,
   "x": -8,
   "y": -8
}
[1703335793.112][INFO]: [d9032ea1f50f831a623cd2408f19acdb] COMMAND SetTimeouts {
   "implicit": 30000
}
[1703335793.112][INFO]: [d9032ea1f50f831a623cd2408f19acdb] RESPONSE SetTimeouts
[1703335793.132][INFO]: [d9032ea1f50f831a623cd2408f19acdb] COMMAND Navigate {
   "url": "https://www.makemytrip.com/"
}
[1703335793.132][INFO]: Waiting for pending navigations...
[1703335793.134][INFO]: Done waiting for pending navigations. Status: ok
[1703335793.805][INFO]: Waiting for pending navigations...
[1703335799.486][INFO]: Done waiting for pending navigations. Status: ok
[1703335799.486][INFO]: [d9032ea1f50f831a623cd2408f19acdb] RESPONSE Navigate
[1703335799.494][INFO]: [d9032ea1f50f831a623cd2408f19acdb] COMMAND GetUrl {
}
[1703335799.494][INFO]: Waiting for pending navigations...
[1703335799.495][INFO]: Done waiting for pending navigations. Status: ok
[1703335799.500][INFO]: Waiting for pending navigations...
[1703335799.501][INFO]: Done waiting for pending navigations. Status: ok
[1703335799.501][INFO]: [d9032ea1f50f831a623cd2408f19acdb] RESPONSE GetUrl "https://www.makemytrip.com/"
[1703335799.508][INFO]: [d9032ea1f50f831a623cd2408f19acdb] COMMAND Navigate {
   "url": "https://www.makemytrip.com/"
}
[1703335799.508][INFO]: Waiting for pending navigations...
[1703335799.510][INFO]: Done waiting for pending navigations. Status: ok
[1703335799.744][INFO]: Waiting for pending navigations...
[1703335802.920][INFO]: Done waiting for pending navigations. Status: ok
[1703335802.920][INFO]: [d9032ea1f50f831a623cd2408f19acdb] RESPONSE Navigate
[1703335806.933][INFO]: [d9032ea1f50f831a623cd2408f19acdb] COMMAND FindElement {
   "using": "xpath",
   "value": "//label[@for='fromCity']"
}
[1703335806.933][INFO]: Waiting for pending navigations...
[1703335806.934][INFO]: Done waiting for pending navigations. Status: ok
[1703335806.952][INFO]: Waiting for pending navigations...
[1703335806.953][INFO]: Done waiting for pending navigations. Status: ok
[1703335806.953][INFO]: [d9032ea1f50f831a623cd2408f19acdb] RESPONSE FindElement {
   "element-6066-11e4-a52e-4f735466cecf": "C9983048CAC881AD23EDF043A9428E70_element_76"
}
[1703335806.966][INFO]: [d9032ea1f50f831a623cd2408f19acdb] COMMAND ClickElement {
   "id": "C9983048CAC881AD23EDF043A9428E70_element_76"
}
[1703335806.966][INFO]: Waiting for pending navigations...
[1703335806.967][INFO]: Done waiting for pending navigations. Status: ok
[1703335807.118][INFO]: Waiting for pending navigations...
[1703335807.145][INFO]: Done waiting for pending navigations. Status: ok
[1703335807.145][INFO]: [d9032ea1f50f831a623cd2408f19acdb] RESPONSE ClickElement
[1703335809.170][INFO]: [d9032ea1f50f831a623cd2408f19acdb] COMMAND FindElement {
   "using": "xpath",
   "value": "//input[@placeholder='From']"
}
[1703335809.171][INFO]: Waiting for pending navigations...
[1703335809.172][INFO]: Done waiting for pending navigations. Status: ok
[1703335809.200][INFO]: Waiting for pending navigations...
[1703335809.201][INFO]: Done waiting for pending navigations. Status: ok
[1703335809.201][INFO]: [d9032ea1f50f831a623cd2408f19acdb] RESPONSE FindElement {
   "element-6066-11e4-a52e-4f735466cecf": "C9983048CAC881AD23EDF043A9428E70_element_79"
}
[1703335809.215][INFO]: [d9032ea1f50f831a623cd2408f19acdb] COMMAND TypeElement {
   "id": "C9983048CAC881AD23EDF043A9428E70_element_79",
   "text": "blr",
   "value": [ "b", "l", "r" ]
}
[1703335809.216][INFO]: Waiting for pending navigations...
[1703335809.217][INFO]: Done waiting for pending navigations. Status: ok
[1703335809.301][INFO]: Waiting for pending navigations...
[1703335809.307][INFO]: Done waiting for pending navigations. Status: ok
[1703335809.307][INFO]: [d9032ea1f50f831a623cd2408f19acdb] RESPONSE TypeElement
[1703335811.332][INFO]: [d9032ea1f50f831a623cd2408f19acdb] COMMAND FindElement {
   "using": "xpath",
   "value": "//p[text()='Bengaluru, India']"
}
[1703335811.332][INFO]: Waiting for pending navigations...
[1703335811.333][INFO]: Done waiting for pending navigations. Status: ok
[1703335811.350][INFO]: Waiting for pending navigations...
[1703335811.350][INFO]: Done waiting for pending navigations. Status: ok
[1703335811.350][INFO]: [d9032ea1f50f831a623cd2408f19acdb] RESPONSE FindElement {
   "element-6066-11e4-a52e-4f735466cecf": "C9983048CAC881AD23EDF043A9428E70_element_92"
}
[1703335811.358][INFO]: [d9032ea1f50f831a623cd2408f19acdb] COMMAND ClickElement {
   "id": "C9983048CAC881AD23EDF043A9428E70_element_92"
}
[1703335811.358][INFO]: Waiting for pending navigations...
[1703335811.359][INFO]: Done waiting for pending navigations. Status: ok
[1703335811.507][INFO]: Waiting for pending navigations...
[1703335811.516][INFO]: Done waiting for pending navigations. Status: ok
[1703335811.516][INFO]: [d9032ea1f50f831a623cd2408f19acdb] RESPONSE ClickElement
[1703335813.537][INFO]: [d9032ea1f50f831a623cd2408f19acdb] COMMAND FindElement {
   "using": "xpath",
   "value": "//label[@for='toCity']"
}
[1703335813.537][INFO]: Waiting for pending navigations...
[1703335813.540][INFO]: Done waiting for pending navigations. Status: ok
[1703335813.580][INFO]: Waiting for pending navigations...
[1703335813.582][INFO]: Done waiting for pending navigations. Status: ok
[1703335813.582][INFO]: [d9032ea1f50f831a623cd2408f19acdb] RESPONSE FindElement {
   "element-6066-11e4-a52e-4f735466cecf": "C9983048CAC881AD23EDF043A9428E70_element_94"
}
[1703335813.598][INFO]: [d9032ea1f50f831a623cd2408f19acdb] COMMAND ClickElement {
   "id": "C9983048CAC881AD23EDF043A9428E70_element_94"
}
[1703335813.598][INFO]: Waiting for pending navigations...
[1703335813.601][INFO]: Done waiting for pending navigations. Status: ok
[1703335813.917][INFO]: Waiting for pending navigations...
[1703335813.933][INFO]: Done waiting for pending navigations. Status: ok
[1703335813.933][INFO]: [d9032ea1f50f831a623cd2408f19acdb] RESPONSE ClickElement
[1703335815.952][INFO]: [d9032ea1f50f831a623cd2408f19acdb] COMMAND FindElement {
   "using": "xpath",
   "value": "//input[@placeholder='To']"
}
[1703335815.953][INFO]: Waiting for pending navigations...
[1703335815.953][INFO]: Done waiting for pending navigations. Status: ok
[1703335815.975][INFO]: Waiting for pending navigations...
[1703335815.975][INFO]: Done waiting for pending navigations. Status: ok
[1703335815.975][INFO]: [d9032ea1f50f831a623cd2408f19acdb] RESPONSE FindElement {
   "element-6066-11e4-a52e-4f735466cecf": "C9983048CAC881AD23EDF043A9428E70_element_104"
}
[1703335815.984][INFO]: [d9032ea1f50f831a623cd2408f19acdb] COMMAND TypeElement {
   "id": "C9983048CAC881AD23EDF043A9428E70_element_104",
   "text": "del",
   "value": [ "d", "e", "l" ]
}
[1703335815.984][INFO]: Waiting for pending navigations...
[1703335815.985][INFO]: Done waiting for pending navigations. Status: ok
[1703335816.041][INFO]: Waiting for pending navigations...
[1703335816.051][INFO]: Done waiting for pending navigations. Status: ok
[1703335816.051][INFO]: [d9032ea1f50f831a623cd2408f19acdb] RESPONSE TypeElement
[1703335818.072][INFO]: [d9032ea1f50f831a623cd2408f19acdb] COMMAND FindElement {
   "using": "xpath",
   "value": "//p[text()='New Delhi, India']"
}
[1703335818.072][INFO]: Waiting for pending navigations...
[1703335818.074][INFO]: Done waiting for pending navigations. Status: ok
[1703335818.107][INFO]: Waiting for pending navigations...
[1703335818.109][INFO]: Done waiting for pending navigations. Status: ok
[1703335818.109][INFO]: [d9032ea1f50f831a623cd2408f19acdb] RESPONSE FindElement {
   "element-6066-11e4-a52e-4f735466cecf": "C9983048CAC881AD23EDF043A9428E70_element_109"
}
[1703335818.117][INFO]: [d9032ea1f50f831a623cd2408f19acdb] COMMAND ClickElement {
   "id": "C9983048CAC881AD23EDF043A9428E70_element_109"
}
[1703335818.117][INFO]: Waiting for pending navigations...
[1703335818.119][INFO]: Done waiting for pending navigations. Status: ok
[1703335818.415][INFO]: Waiting for pending navigations...
[1703335818.423][INFO]: Done waiting for pending navigations. Status: ok
[1703335818.423][INFO]: [d9032ea1f50f831a623cd2408f19acdb] RESPONSE ClickElement
[1703335820.444][INFO]: [d9032ea1f50f831a623cd2408f19acdb] COMMAND FindElement {
   "using": "xpath",
   "value": "//div[@aria-label='Sat Jan 20 2024']"
}
[1703335820.444][INFO]: Waiting for pending navigations...
[1703335820.445][INFO]: Done waiting for pending navigations. Status: ok
[1703335820.467][INFO]: Waiting for pending navigations...
[1703335820.468][INFO]: Done waiting for pending navigations. Status: ok
[1703335820.468][INFO]: [d9032ea1f50f831a623cd2408f19acdb] RESPONSE FindElement {
   "element-6066-11e4-a52e-4f735466cecf": "C9983048CAC881AD23EDF043A9428E70_element_153"
}
[1703335820.475][INFO]: [d9032ea1f50f831a623cd2408f19acdb] COMMAND FindElement {
   "using": "xpath",
   "value": "//div[text()='January 2024']"
}
[1703335820.475][INFO]: Waiting for pending navigations...
[1703335820.476][INFO]: Done waiting for pending navigations. Status: ok
[1703335820.496][INFO]: Waiting for pending navigations...
[1703335820.497][INFO]: Done waiting for pending navigations. Status: ok
[1703335820.497][INFO]: [d9032ea1f50f831a623cd2408f19acdb] RESPONSE FindElement {
   "element-6066-11e4-a52e-4f735466cecf": "C9983048CAC881AD23EDF043A9428E70_element_154"
}
[1703335820.502][INFO]: [d9032ea1f50f831a623cd2408f19acdb] COMMAND GetElementText {
   "id": "C9983048CAC881AD23EDF043A9428E70_element_154"
}
[1703335820.502][INFO]: Waiting for pending navigations...
[1703335820.504][INFO]: Done waiting for pending navigations. Status: ok
[1703335820.528][INFO]: Waiting for pending navigations...
[1703335820.528][INFO]: Done waiting for pending navigations. Status: ok
[1703335820.529][INFO]: [d9032ea1f50f831a623cd2408f19acdb] RESPONSE GetElementText "January 2024"
[1703335820.535][INFO]: [d9032ea1f50f831a623cd2408f19acdb] COMMAND ClickElement {
   "id": "C9983048CAC881AD23EDF043A9428E70_element_153"
}
[1703335820.535][INFO]: Waiting for pending navigations...
[1703335820.536][INFO]: Done waiting for pending navigations. Status: ok
[1703335820.692][INFO]: Waiting for pending navigations...
[1703335820.703][INFO]: Done waiting for pending navigations. Status: ok
[1703335820.703][INFO]: [d9032ea1f50f831a623cd2408f19acdb] RESPONSE ClickElement
[1703335822.712][INFO]: [d9032ea1f50f831a623cd2408f19acdb] COMMAND FindElement {
   "using": "xpath",
   "value": "//a[text()='Search']"
}
[1703335822.713][INFO]: Waiting for pending navigations...
[1703335822.715][INFO]: Done waiting for pending navigations. Status: ok
[1703335822.751][INFO]: Waiting for pending navigations...
[1703335822.753][INFO]: Done waiting for pending navigations. Status: ok
[1703335822.753][INFO]: [d9032ea1f50f831a623cd2408f19acdb] RESPONSE FindElement {
   "element-6066-11e4-a52e-4f735466cecf": "C9983048CAC881AD23EDF043A9428E70_element_156"
}
[1703335822.762][INFO]: [d9032ea1f50f831a623cd2408f19acdb] COMMAND ClickElement {
   "id": "C9983048CAC881AD23EDF043A9428E70_element_156"
}
[1703335822.762][INFO]: Waiting for pending navigations...
[1703335822.764][INFO]: Done waiting for pending navigations. Status: ok
[1703335823.192][INFO]: Waiting for pending navigations...
[1703335824.143][INFO]: Done waiting for pending navigations. Status: ok
[1703335824.143][INFO]: [d9032ea1f50f831a623cd2408f19acdb] RESPONSE ClickElement
[1703335834.158][INFO]: [d9032ea1f50f831a623cd2408f19acdb] COMMAND FindElement {
   "using": "xpath",
   "value": "//div[@class='blackText fontSize18 blackFont white-space-no-wrap clusterViewPrice']"
}
[1703335834.159][INFO]: Waiting for pending navigations...
[1703335837.797][INFO]: Done waiting for pending navigations. Status: ok
[1703335840.490][INFO]: Waiting for pending navigations...
[1703335840.491][INFO]: Done waiting for pending navigations. Status: ok
[1703335840.491][INFO]: [d9032ea1f50f831a623cd2408f19acdb] RESPONSE FindElement {
   "element-6066-11e4-a52e-4f735466cecf": "342DB3C562E17F93E615860A1A807CFF_element_248"
}
[1703335840.497][INFO]: [d9032ea1f50f831a623cd2408f19acdb] COMMAND GetElementText {
   "id": "342DB3C562E17F93E615860A1A807CFF_element_248"
}
[1703335840.497][INFO]: Waiting for pending navigations...
[1703335840.559][INFO]: Done waiting for pending navigations. Status: ok
[1703335840.610][INFO]: Waiting for pending navigations...
[1703335840.612][INFO]: Done waiting for pending navigations. Status: ok
[1703335840.612][INFO]: [d9032ea1f50f831a623cd2408f19acdb] RESPONSE GetElementText "₹ 6,040\nper adult"
[1703335840.627][INFO]: [d9032ea1f50f831a623cd2408f19acdb] COMMAND Navigate {
   "url": "https://www.makemytrip.com/"
}
[1703335840.627][INFO]: Waiting for pending navigations...
[1703335840.643][INFO]: Done waiting for pending navigations. Status: ok
[1703335840.895][INFO]: Waiting for pending navigations...
[1703335843.078][INFO]: Done waiting for pending navigations. Status: ok
[1703335843.079][INFO]: [d9032ea1f50f831a623cd2408f19acdb] RESPONSE Navigate
[1703335847.112][INFO]: [d9032ea1f50f831a623cd2408f19acdb] COMMAND FindElement {
   "using": "xpath",
   "value": "//span[text()='Trains']"
}
[1703335847.112][INFO]: Waiting for pending navigations...
[1703335847.115][INFO]: Done waiting for pending navigations. Status: ok
[1703335847.164][INFO]: Waiting for pending navigations...
[1703335847.165][INFO]: Done waiting for pending navigations. Status: ok
[1703335847.165][INFO]: [d9032ea1f50f831a623cd2408f19acdb] RESPONSE FindElement {
   "element-6066-11e4-a52e-4f735466cecf": "1C232848F115474C83CBFD0CDF66E26A_element_285"
}
[1703335847.187][INFO]: [d9032ea1f50f831a623cd2408f19acdb] COMMAND ClickElement {
   "id": "1C232848F115474C83CBFD0CDF66E26A_element_285"
}
[1703335847.187][INFO]: Waiting for pending navigations...
[1703335847.188][INFO]: Done waiting for pending navigations. Status: ok
[1703335847.505][INFO]: Waiting for pending navigations...
[1703335847.557][INFO]: Done waiting for pending navigations. Status: ok
[1703335847.557][INFO]: [d9032ea1f50f831a623cd2408f19acdb] RESPONSE ClickElement
[1703335847.572][INFO]: [d9032ea1f50f831a623cd2408f19acdb] COMMAND FindElement {
   "using": "xpath",
   "value": "//label[@for='fromCity']"
}
[1703335847.572][INFO]: Waiting for pending navigations...
[1703335847.581][INFO]: Done waiting for pending navigations. Status: ok
[1703335847.773][INFO]: Waiting for pending navigations...
[1703335847.795][INFO]: Done waiting for pending navigations. Status: ok
[1703335847.795][INFO]: [d9032ea1f50f831a623cd2408f19acdb] RESPONSE FindElement {
   "element-6066-11e4-a52e-4f735466cecf": "1C232848F115474C83CBFD0CDF66E26A_element_287"
}
[1703335847.816][INFO]: [d9032ea1f50f831a623cd2408f19acdb] COMMAND ClickElement {
   "id": "1C232848F115474C83CBFD0CDF66E26A_element_287"
}
[1703335847.816][INFO]: Waiting for pending navigations...
[1703335847.817][INFO]: Done waiting for pending navigations. Status: ok
[1703335848.021][INFO]: Waiting for pending navigations...
[1703335848.043][INFO]: Done waiting for pending navigations. Status: ok
[1703335848.043][INFO]: [d9032ea1f50f831a623cd2408f19acdb] RESPONSE ClickElement
[1703335850.062][INFO]: [d9032ea1f50f831a623cd2408f19acdb] COMMAND FindElement {
   "using": "xpath",
   "value": "//input[@placeholder='From']"
}
[1703335850.062][INFO]: Waiting for pending navigations...
[1703335850.065][INFO]: Done waiting for pending navigations. Status: ok
[1703335850.280][INFO]: Waiting for pending navigations...
[1703335850.282][INFO]: Done waiting for pending navigations. Status: ok
[1703335850.283][INFO]: [d9032ea1f50f831a623cd2408f19acdb] RESPONSE FindElement {
   "element-6066-11e4-a52e-4f735466cecf": "1C232848F115474C83CBFD0CDF66E26A_element_306"
}
[1703335850.298][INFO]: [d9032ea1f50f831a623cd2408f19acdb] COMMAND TypeElement {
   "id": "1C232848F115474C83CBFD0CDF66E26A_element_306",
   "text": "ypr",
   "value": [ "y", "p", "r" ]
}
[1703335850.298][INFO]: Waiting for pending navigations...
[1703335850.300][INFO]: Done waiting for pending navigations. Status: ok
[1703335850.486][INFO]: Waiting for pending navigations...
[1703335850.494][INFO]: Done waiting for pending navigations. Status: ok
[1703335850.494][INFO]: [d9032ea1f50f831a623cd2408f19acdb] RESPONSE TypeElement
[1703335852.505][INFO]: [d9032ea1f50f831a623cd2408f19acdb] COMMAND FindElement {
   "using": "xpath",
   "value": "//span[text()='YPR']"
}
[1703335852.505][INFO]: Waiting for pending navigations...
[1703335852.506][INFO]: Done waiting for pending navigations. Status: ok
[1703335852.545][INFO]: Waiting for pending navigations...
[1703335852.547][INFO]: Done waiting for pending navigations. Status: ok
[1703335852.547][INFO]: [d9032ea1f50f831a623cd2408f19acdb] RESPONSE FindElement {
   "element-6066-11e4-a52e-4f735466cecf": "1C232848F115474C83CBFD0CDF66E26A_element_308"
}
[1703335852.561][INFO]: [d9032ea1f50f831a623cd2408f19acdb] COMMAND ClickElement {
   "id": "1C232848F115474C83CBFD0CDF66E26A_element_308"
}
[1703335852.561][INFO]: Waiting for pending navigations...
[1703335852.564][INFO]: Done waiting for pending navigations. Status: ok
[1703335852.910][INFO]: Waiting for pending navigations...
[1703335852.920][INFO]: Done waiting for pending navigations. Status: ok
[1703335852.920][INFO]: [d9032ea1f50f831a623cd2408f19acdb] RESPONSE ClickElement
[1703335854.943][INFO]: [d9032ea1f50f831a623cd2408f19acdb] COMMAND FindElement {
   "using": "xpath",
   "value": "//input[@aria-autocomplete='list']"
}
[1703335854.943][INFO]: Waiting for pending navigations...
[1703335854.946][INFO]: Done waiting for pending navigations. Status: ok
[1703335854.993][INFO]: Waiting for pending navigations...
[1703335854.995][INFO]: Done waiting for pending navigations. Status: ok
[1703335854.995][INFO]: [d9032ea1f50f831a623cd2408f19acdb] RESPONSE FindElement {
   "element-6066-11e4-a52e-4f735466cecf": "1C232848F115474C83CBFD0CDF66E26A_element_312"
}
[1703335855.008][INFO]: [d9032ea1f50f831a623cd2408f19acdb] COMMAND TypeElement {
   "id": "1C232848F115474C83CBFD0CDF66E26A_element_312",
   "text": "ndls",
   "value": [ "n", "d", "l", "s" ]
}
[1703335855.008][INFO]: Waiting for pending navigations...
[1703335855.011][INFO]: Done waiting for pending navigations. Status: ok
[1703335855.296][INFO]: Waiting for pending navigations...
[1703335855.319][INFO]: Done waiting for pending navigations. Status: ok
[1703335855.319][INFO]: [d9032ea1f50f831a623cd2408f19acdb] RESPONSE TypeElement
[1703335857.349][INFO]: [d9032ea1f50f831a623cd2408f19acdb] COMMAND FindElement {
   "using": "xpath",
   "value": "//span[text()='NDLS']"
}
[1703335857.350][INFO]: Waiting for pending navigations...
[1703335857.352][INFO]: Done waiting for pending navigations. Status: ok
[1703335857.395][INFO]: Waiting for pending navigations...
[1703335857.397][INFO]: Done waiting for pending navigations. Status: ok
[1703335857.397][INFO]: [d9032ea1f50f831a623cd2408f19acdb] RESPONSE FindElement {
   "element-6066-11e4-a52e-4f735466cecf": "1C232848F115474C83CBFD0CDF66E26A_element_325"
}
[1703335857.403][INFO]: [d9032ea1f50f831a623cd2408f19acdb] COMMAND ClickElement {
   "id": "1C232848F115474C83CBFD0CDF66E26A_element_325"
}
[1703335857.403][INFO]: Waiting for pending navigations...
[1703335857.405][INFO]: Done waiting for pending navigations. Status: ok
[1703335857.547][INFO]: Waiting for pending navigations...
[1703335857.554][INFO]: Done waiting for pending navigations. Status: ok
[1703335857.554][INFO]: [d9032ea1f50f831a623cd2408f19acdb] RESPONSE ClickElement
[1703335859.567][INFO]: [d9032ea1f50f831a623cd2408f19acdb] COMMAND FindElement {
   "using": "xpath",
   "value": "//div[@aria-label='Sat Jan 20 2024']"
}
[1703335859.568][INFO]: Waiting for pending navigations...
[1703335859.570][INFO]: Done waiting for pending navigations. Status: ok
[1703335859.590][INFO]: Waiting for pending navigations...
[1703335859.592][INFO]: Done waiting for pending navigations. Status: ok
[1703335859.592][INFO]: [d9032ea1f50f831a623cd2408f19acdb] RESPONSE FindElement {
   "element-6066-11e4-a52e-4f735466cecf": "1C232848F115474C83CBFD0CDF66E26A_element_328"
}
[1703335859.601][INFO]: [d9032ea1f50f831a623cd2408f19acdb] COMMAND FindElement {
   "using": "xpath",
   "value": "//div[text()='January 2024']"
}
[1703335859.601][INFO]: Waiting for pending navigations...
[1703335859.603][INFO]: Done waiting for pending navigations. Status: ok
[1703335859.628][INFO]: Waiting for pending navigations...
[1703335859.629][INFO]: Done waiting for pending navigations. Status: ok
[1703335859.630][INFO]: [d9032ea1f50f831a623cd2408f19acdb] RESPONSE FindElement {
   "element-6066-11e4-a52e-4f735466cecf": "1C232848F115474C83CBFD0CDF66E26A_element_329"
}
[1703335859.641][INFO]: [d9032ea1f50f831a623cd2408f19acdb] COMMAND GetElementText {
   "id": "1C232848F115474C83CBFD0CDF66E26A_element_329"
}
[1703335859.641][INFO]: Waiting for pending navigations...
[1703335859.643][INFO]: Done waiting for pending navigations. Status: ok
[1703335859.667][INFO]: Waiting for pending navigations...
[1703335859.669][INFO]: Done waiting for pending navigations. Status: ok
[1703335859.669][INFO]: [d9032ea1f50f831a623cd2408f19acdb] RESPONSE GetElementText "January 2024"
[1703335859.678][INFO]: [d9032ea1f50f831a623cd2408f19acdb] COMMAND ClickElement {
   "id": "1C232848F115474C83CBFD0CDF66E26A_element_328"
}
[1703335859.678][INFO]: Waiting for pending navigations...
[1703335859.680][INFO]: Done waiting for pending navigations. Status: ok
[1703335859.929][INFO]: Waiting for pending navigations...
[1703335859.952][INFO]: Done waiting for pending navigations. Status: ok
[1703335859.952][INFO]: [d9032ea1f50f831a623cd2408f19acdb] RESPONSE ClickElement
[1703335861.979][INFO]: [d9032ea1f50f831a623cd2408f19acdb] COMMAND FindElement {
   "using": "xpath",
   "value": "//li[text()='Third AC']"
}
[1703335861.979][INFO]: Waiting for pending navigations...
[1703335861.982][INFO]: Done waiting for pending navigations. Status: ok
[1703335862.016][INFO]: Waiting for pending navigations...
[1703335862.018][INFO]: Done waiting for pending navigations. Status: ok
[1703335862.018][INFO]: [d9032ea1f50f831a623cd2408f19acdb] RESPONSE FindElement {
   "element-6066-11e4-a52e-4f735466cecf": "1C232848F115474C83CBFD0CDF66E26A_element_333"
}
[1703335862.025][INFO]: [d9032ea1f50f831a623cd2408f19acdb] COMMAND ClickElement {
   "id": "1C232848F115474C83CBFD0CDF66E26A_element_333"
}
[1703335862.025][INFO]: Waiting for pending navigations...
[1703335862.027][INFO]: Done waiting for pending navigations. Status: ok
[1703335862.239][INFO]: Waiting for pending navigations...
[1703335862.249][INFO]: Done waiting for pending navigations. Status: ok
[1703335862.249][INFO]: [d9032ea1f50f831a623cd2408f19acdb] RESPONSE ClickElement
[1703335862.270][INFO]: [d9032ea1f50f831a623cd2408f19acdb] COMMAND FindElement {
   "using": "xpath",
   "value": "//a[text()='Search']"
}
[1703335862.271][INFO]: Waiting for pending navigations...
[1703335862.273][INFO]: Done waiting for pending navigations. Status: ok
[1703335862.302][INFO]: Waiting for pending navigations...
[1703335862.305][INFO]: Done waiting for pending navigations. Status: ok
[1703335862.305][INFO]: [d9032ea1f50f831a623cd2408f19acdb] RESPONSE FindElement {
   "element-6066-11e4-a52e-4f735466cecf": "1C232848F115474C83CBFD0CDF66E26A_element_335"
}
[1703335862.312][INFO]: [d9032ea1f50f831a623cd2408f19acdb] COMMAND ClickElement {
   "id": "1C232848F115474C83CBFD0CDF66E26A_element_335"
}
[1703335862.312][INFO]: Waiting for pending navigations...
[1703335862.313][INFO]: Done waiting for pending navigations. Status: ok
[1703335862.674][INFO]: Waiting for pending navigations...
[1703335864.671][INFO]: Done waiting for pending navigations. Status: ok
[1703335864.671][INFO]: [d9032ea1f50f831a623cd2408f19acdb] RESPONSE ClickElement
[1703335874.694][INFO]: [d9032ea1f50f831a623cd2408f19acdb] COMMAND FindElement {
   "using": "xpath",
   "value": "//div[@class='ticket-price justify-flex-end']"
}
[1703335874.694][INFO]: Waiting for pending navigations...
[1703335874.696][INFO]: Done waiting for pending navigations. Status: ok
[1703335874.727][INFO]: Waiting for pending navigations...
[1703335874.729][INFO]: Done waiting for pending navigations. Status: ok
[1703335874.729][INFO]: [d9032ea1f50f831a623cd2408f19acdb] RESPONSE FindElement {
   "element-6066-11e4-a52e-4f735466cecf": "ACD1D498339CAEC7923EBF68DEA8E44A_element_385"
}
[1703335874.735][INFO]: [d9032ea1f50f831a623cd2408f19acdb] COMMAND GetElementText {
   "id": "ACD1D498339CAEC7923EBF68DEA8E44A_element_385"
}
[1703335874.735][INFO]: Waiting for pending navigations...
[1703335874.737][INFO]: Done waiting for pending navigations. Status: ok
[1703335874.756][INFO]: Waiting for pending navigations...
[1703335874.758][INFO]: Done waiting for pending navigations. Status: ok
[1703335874.758][INFO]: [d9032ea1f50f831a623cd2408f19acdb] RESPONSE GetElementText "₹ 4245"
[1703335874.766][INFO]: [d9032ea1f50f831a623cd2408f19acdb] COMMAND Navigate {
   "url": "https://www.makemytrip.com/"
}
[1703335874.766][INFO]: Waiting for pending navigations...
[1703335874.768][INFO]: Done waiting for pending navigations. Status: ok
[1703335874.988][INFO]: Waiting for pending navigations...
[1703335876.389][INFO]: Done waiting for pending navigations. Status: ok
[1703335876.389][INFO]: [d9032ea1f50f831a623cd2408f19acdb] RESPONSE Navigate
[1703335881.412][INFO]: [d9032ea1f50f831a623cd2408f19acdb] COMMAND FindElement {
   "using": "xpath",
   "value": "//span[text()='Buses']"
}
[1703335881.412][INFO]: Waiting for pending navigations...
[1703335881.413][INFO]: Done waiting for pending navigations. Status: ok
[1703335881.436][INFO]: Waiting for pending navigations...
[1703335881.437][INFO]: Done waiting for pending navigations. Status: ok
[1703335881.437][INFO]: [d9032ea1f50f831a623cd2408f19acdb] RESPONSE FindElement {
   "element-6066-11e4-a52e-4f735466cecf": "574FDD2C90FF8181114186BA4195BD57_element_410"
}
[1703335881.446][INFO]: [d9032ea1f50f831a623cd2408f19acdb] COMMAND ClickElement {
   "id": "574FDD2C90FF8181114186BA4195BD57_element_410"
}
[1703335881.446][INFO]: Waiting for pending navigations...
[1703335881.447][INFO]: Done waiting for pending navigations. Status: ok
[1703335881.740][INFO]: Waiting for pending navigations...
[1703335881.788][INFO]: Done waiting for pending navigations. Status: ok
[1703335881.788][INFO]: [d9032ea1f50f831a623cd2408f19acdb] RESPONSE ClickElement
[1703335884.802][INFO]: [d9032ea1f50f831a623cd2408f19acdb] COMMAND FindElement {
   "using": "xpath",
   "value": "//label[@for='fromCity']"
}
[1703335884.802][INFO]: Waiting for pending navigations...
[1703335884.804][INFO]: Done waiting for pending navigations. Status: ok
[1703335884.832][INFO]: Waiting for pending navigations...
[1703335884.834][INFO]: Done waiting for pending navigations. Status: ok
[1703335884.834][INFO]: [d9032ea1f50f831a623cd2408f19acdb] RESPONSE FindElement {
   "element-6066-11e4-a52e-4f735466cecf": "574FDD2C90FF8181114186BA4195BD57_element_414"
}
[1703335884.842][INFO]: [d9032ea1f50f831a623cd2408f19acdb] COMMAND ClickElement {
   "id": "574FDD2C90FF8181114186BA4195BD57_element_414"
}
[1703335884.845][INFO]: Waiting for pending navigations...
[1703335884.848][INFO]: Done waiting for pending navigations. Status: ok
[1703335885.416][INFO]: Waiting for pending navigations...
[1703335885.462][INFO]: Done waiting for pending navigations. Status: ok
[1703335885.463][INFO]: [d9032ea1f50f831a623cd2408f19acdb] RESPONSE ClickElement
[1703335887.481][INFO]: [d9032ea1f50f831a623cd2408f19acdb] COMMAND FindElement {
   "using": "xpath",
   "value": "//input[@placeholder='From']"
}
[1703335887.481][INFO]: Waiting for pending navigations...
[1703335887.482][INFO]: Done waiting for pending navigations. Status: ok
[1703335887.500][INFO]: Waiting for pending navigations...
[1703335887.501][INFO]: Done waiting for pending navigations. Status: ok
[1703335887.501][INFO]: [d9032ea1f50f831a623cd2408f19acdb] RESPONSE FindElement {
   "element-6066-11e4-a52e-4f735466cecf": "574FDD2C90FF8181114186BA4195BD57_element_415"
}
[1703335887.511][INFO]: [d9032ea1f50f831a623cd2408f19acdb] COMMAND TypeElement {
   "id": "574FDD2C90FF8181114186BA4195BD57_element_415",
   "text": "banglore",
   "value": [ "b", "a", "n", "g", "l", "o", "r", "e" ]
}
[1703335887.511][INFO]: Waiting for pending navigations...
[1703335887.513][INFO]: Done waiting for pending navigations. Status: ok
[1703335887.707][INFO]: Waiting for pending navigations...
[1703335887.715][INFO]: Done waiting for pending navigations. Status: ok
[1703335887.715][INFO]: [d9032ea1f50f831a623cd2408f19acdb] RESPONSE TypeElement
[1703335889.733][INFO]: [d9032ea1f50f831a623cd2408f19acdb] COMMAND FindElement {
   "using": "xpath",
   "value": "//span[text()='Bangalore, Karnataka']"
}
[1703335889.733][INFO]: Waiting for pending navigations...
[1703335889.736][INFO]: Done waiting for pending navigations. Status: ok
[1703335889.782][INFO]: Waiting for pending navigations...
[1703335889.784][INFO]: Done waiting for pending navigations. Status: ok
[1703335889.784][INFO]: [d9032ea1f50f831a623cd2408f19acdb] RESPONSE FindElement {
   "element-6066-11e4-a52e-4f735466cecf": "574FDD2C90FF8181114186BA4195BD57_element_422"
}
[1703335889.795][INFO]: [d9032ea1f50f831a623cd2408f19acdb] COMMAND ClickElement {
   "id": "574FDD2C90FF8181114186BA4195BD57_element_422"
}
[1703335889.795][INFO]: Waiting for pending navigations...
[1703335889.797][INFO]: Done waiting for pending navigations. Status: ok
[1703335890.183][INFO]: Waiting for pending navigations...
[1703335890.195][INFO]: Done waiting for pending navigations. Status: ok
[1703335890.195][INFO]: [d9032ea1f50f831a623cd2408f19acdb] RESPONSE ClickElement
[1703335892.224][INFO]: [d9032ea1f50f831a623cd2408f19acdb] COMMAND FindElement {
   "using": "xpath",
   "value": "//input[@placeholder='To']"
}
[1703335892.224][INFO]: Waiting for pending navigations...
[1703335892.227][INFO]: Done waiting for pending navigations. Status: ok
[1703335892.267][INFO]: Waiting for pending navigations...
[1703335892.269][INFO]: Done waiting for pending navigations. Status: ok
[1703335892.269][INFO]: [d9032ea1f50f831a623cd2408f19acdb] RESPONSE FindElement {
   "element-6066-11e4-a52e-4f735466cecf": "574FDD2C90FF8181114186BA4195BD57_element_423"
}
[1703335892.278][INFO]: [d9032ea1f50f831a623cd2408f19acdb] COMMAND TypeElement {
   "id": "574FDD2C90FF8181114186BA4195BD57_element_423",
   "text": "New Delhi",
   "value": [ "N", "e", "w", " ", "D", "e", "l", "h", "i" ]
}
[1703335892.278][INFO]: Waiting for pending navigations...
[1703335892.281][INFO]: Done waiting for pending navigations. Status: ok
[1703335892.580][INFO]: Waiting for pending navigations...
[1703335892.614][INFO]: Done waiting for pending navigations. Status: ok
[1703335892.614][INFO]: [d9032ea1f50f831a623cd2408f19acdb] RESPONSE TypeElement
[1703335894.634][INFO]: [d9032ea1f50f831a623cd2408f19acdb] COMMAND FindElement {
   "using": "xpath",
   "value": "//span[text()='Delhi']"
}
[1703335894.634][INFO]: Waiting for pending navigations...
[1703335894.636][INFO]: Done waiting for pending navigations. Status: ok
[1703335894.675][INFO]: Waiting for pending navigations...
[1703335894.677][INFO]: Done waiting for pending navigations. Status: ok
[1703335894.677][INFO]: [d9032ea1f50f831a623cd2408f19acdb] RESPONSE FindElement {
   "element-6066-11e4-a52e-4f735466cecf": "574FDD2C90FF8181114186BA4195BD57_element_428"
}
[1703335894.685][INFO]: [d9032ea1f50f831a623cd2408f19acdb] COMMAND ClickElement {
   "id": "574FDD2C90FF8181114186BA4195BD57_element_428"
}
[1703335894.685][INFO]: Waiting for pending navigations...
[1703335894.687][INFO]: Done waiting for pending navigations. Status: ok
[1703335894.957][INFO]: Waiting for pending navigations...
[1703335894.970][INFO]: Done waiting for pending navigations. Status: ok
[1703335894.970][INFO]: [d9032ea1f50f831a623cd2408f19acdb] RESPONSE ClickElement
[1703335896.997][INFO]: [d9032ea1f50f831a623cd2408f19acdb] COMMAND FindElement {
   "using": "xpath",
   "value": "//div[@aria-label='Sat Jan 20 2024']"
}
[1703335896.997][INFO]: Waiting for pending navigations...
[1703335896.998][INFO]: Done waiting for pending navigations. Status: ok
[1703335897.014][INFO]: Waiting for pending navigations...
[1703335897.015][INFO]: Done waiting for pending navigations. Status: ok
[1703335897.015][INFO]: [d9032ea1f50f831a623cd2408f19acdb] RESPONSE FindElement {
   "element-6066-11e4-a52e-4f735466cecf": "574FDD2C90FF8181114186BA4195BD57_element_433"
}
[1703335897.020][INFO]: [d9032ea1f50f831a623cd2408f19acdb] COMMAND FindElement {
   "using": "xpath",
   "value": "//div[text()='January 2024']"
}
[1703335897.020][INFO]: Waiting for pending navigations...
[1703335897.021][INFO]: Done waiting for pending navigations. Status: ok
[1703335897.034][INFO]: Waiting for pending navigations...
[1703335897.035][INFO]: Done waiting for pending navigations. Status: ok
[1703335897.035][INFO]: [d9032ea1f50f831a623cd2408f19acdb] RESPONSE FindElement {
   "element-6066-11e4-a52e-4f735466cecf": "574FDD2C90FF8181114186BA4195BD57_element_434"
}
[1703335897.040][INFO]: [d9032ea1f50f831a623cd2408f19acdb] COMMAND GetElementText {
   "id": "574FDD2C90FF8181114186BA4195BD57_element_434"
}
[1703335897.040][INFO]: Waiting for pending navigations...
[1703335897.042][INFO]: Done waiting for pending navigations. Status: ok
[1703335897.057][INFO]: Waiting for pending navigations...
[1703335897.058][INFO]: Done waiting for pending navigations. Status: ok
[1703335897.058][INFO]: [d9032ea1f50f831a623cd2408f19acdb] RESPONSE GetElementText "January 2024"
[1703335897.064][INFO]: [d9032ea1f50f831a623cd2408f19acdb] COMMAND ClickElement {
   "id": "574FDD2C90FF8181114186BA4195BD57_element_433"
}
[1703335897.064][INFO]: Waiting for pending navigations...
[1703335897.065][INFO]: Done waiting for pending navigations. Status: ok
[1703335897.216][INFO]: Waiting for pending navigations...
[1703335897.229][INFO]: Done waiting for pending navigations. Status: ok
[1703335897.229][INFO]: [d9032ea1f50f831a623cd2408f19acdb] RESPONSE ClickElement
[1703335899.238][INFO]: [d9032ea1f50f831a623cd2408f19acdb] COMMAND FindElement {
   "using": "css selector",
   "value": "#search_button"
}
[1703335899.239][INFO]: Waiting for pending navigations...
[1703335899.241][INFO]: Done waiting for pending navigations. Status: ok
[1703335899.276][INFO]: Waiting for pending navigations...
[1703335899.278][INFO]: Done waiting for pending navigations. Status: ok
[1703335899.278][INFO]: [d9032ea1f50f831a623cd2408f19acdb] RESPONSE FindElement {
   "element-6066-11e4-a52e-4f735466cecf": "574FDD2C90FF8181114186BA4195BD57_element_438"
}
[1703335899.284][INFO]: [d9032ea1f50f831a623cd2408f19acdb] COMMAND ClickElement {
   "id": "574FDD2C90FF8181114186BA4195BD57_element_438"
}
[1703335899.285][INFO]: Waiting for pending navigations...
[1703335899.286][INFO]: Done waiting for pending navigations. Status: ok
[1703335899.663][INFO]: Waiting for pending navigations...
[1703335901.641][INFO]: Done waiting for pending navigations. Status: ok
[1703335901.641][INFO]: [d9032ea1f50f831a623cd2408f19acdb] RESPONSE ClickElement
[1703335911.657][INFO]: [d9032ea1f50f831a623cd2408f19acdb] COMMAND FindElement {
   "using": "xpath",
   "value": "//span[text()='No buses found for 20 Jan']"
}
[1703335911.657][INFO]: Waiting for pending navigations...
[1703335911.660][INFO]: Done waiting for pending navigations. Status: ok
[1703335911.675][INFO]: Waiting for pending navigations...
[1703335911.676][INFO]: Done waiting for pending navigations. Status: ok
[1703335911.676][INFO]: [d9032ea1f50f831a623cd2408f19acdb] RESPONSE FindElement {
   "element-6066-11e4-a52e-4f735466cecf": "2C1AA460242093CDA613A4B9F143DB21_element_482"
}
[1703335911.679][INFO]: [d9032ea1f50f831a623cd2408f19acdb] COMMAND GetElementText {
   "id": "2C1AA460242093CDA613A4B9F143DB21_element_482"
}
[1703335911.679][INFO]: Waiting for pending navigations...
[1703335911.680][INFO]: Done waiting for pending navigations. Status: ok
[1703335911.691][INFO]: Waiting for pending navigations...
[1703335911.691][INFO]: Done waiting for pending navigations. Status: ok
[1703335911.691][INFO]: [d9032ea1f50f831a623cd2408f19acdb] RESPONSE GetElementText "No buses found for 20 Jan"
[1703335911.697][INFO]: [d9032ea1f50f831a623cd2408f19acdb] COMMAND CloseWindow {
}
[1703335911.913][SEVERE]: Unable to receive message from renderer
[1703335912.324][INFO]: [d9032ea1f50f831a623cd2408f19acdb] RESPONSE CloseWindow [  ]
